<?xml version="1.0" encoding="UTF-8"?>
<testng-results ignored="0" total="2" passed="2" failed="0" skipped="0">
  <reporter-output>
  </reporter-output>
  <suite started-at="2023-08-09T14:26:34 BDT" name="Default suite" finished-at="2023-08-09T14:27:00 BDT" duration-ms="25676">
    <groups>
    </groups>
    <test started-at="2023-08-09T14:26:34 BDT" name="Default test" finished-at="2023-08-09T14:27:00 BDT" duration-ms="25676">
      <class name="Test.TestCase2">
        <test-method is-config="true" signature="reportSetup()[pri:0, instance:Test.TestCase2@229c6181]" started-at="2023-08-09T14:26:34 BDT" name="reportSetup" finished-at="2023-08-09T14:26:34 BDT" duration-ms="158" status="PASS">
          <reporter-output>
          </reporter-output>
        </test-method> <!-- reportSetup -->
        <test-method is-config="true" signature="getDriver()[pri:0, instance:Test.TestCase2@229c6181]" started-at="2023-08-09T14:26:34 BDT" name="getDriver" finished-at="2023-08-09T14:26:47 BDT" duration-ms="12744" status="PASS">
          <reporter-output>
          </reporter-output>
        </test-method> <!-- getDriver -->
        <test-method signature="automationexercise()[pri:0, instance:Test.TestCase2@229c6181]" started-at="2023-08-09T14:26:47 BDT" name="automationexercise" finished-at="2023-08-09T14:26:47 BDT" duration-ms="3" status="PASS">
          <reporter-output>
          </reporter-output>
        </test-method> <!-- automationexercise -->
        <test-method signature="scenario_2()[pri:0, instance:Test.TestCase2@229c6181]" started-at="2023-08-09T14:26:47 BDT" name="scenario_2" finished-at="2023-08-09T14:27:00 BDT" duration-ms="12888" status="PASS">
          <reporter-output>
          </reporter-output>
        </test-method> <!-- scenario_2 -->
        <test-method is-config="true" signature="reportTeardown()[pri:0, instance:Test.TestCase2@229c6181]" started-at="2023-08-09T14:27:00 BDT" name="reportTeardown" finished-at="2023-08-09T14:27:00 BDT" duration-ms="251" status="PASS">
          <reporter-output>
          </reporter-output>
        </test-method> <!-- reportTeardown -->
      </class> <!-- Test.TestCase2 -->
    </test> <!-- Default test -->
  </suite> <!-- Default suite -->
</testng-results>
