<?xml version="1.0" encoding="UTF-8"?>
<testng-results ignored="0" total="2" passed="2" failed="0" skipped="0">
  <reporter-output>
  </reporter-output>
  <suite started-at="2023-08-10T09:32:37 BDT" name="Default suite" finished-at="2023-08-10T09:32:55 BDT" duration-ms="18266">
    <groups>
    </groups>
    <test started-at="2023-08-10T09:32:37 BDT" name="Default test" finished-at="2023-08-10T09:32:55 BDT" duration-ms="18266">
      <class name="Test.TestCase2">
        <test-method is-config="true" signature="reportSetup()[pri:0, instance:Test.TestCase2@229c6181]" started-at="2023-08-10T09:32:36 BDT" name="reportSetup" finished-at="2023-08-10T09:32:37 BDT" duration-ms="171" status="PASS">
          <reporter-output>
          </reporter-output>
        </test-method> <!-- reportSetup -->
        <test-method is-config="true" signature="getDriver()[pri:0, instance:Test.TestCase2@229c6181]" started-at="2023-08-10T09:32:37 BDT" name="getDriver" finished-at="2023-08-10T09:32:42 BDT" duration-ms="5794" status="PASS">
          <reporter-output>
          </reporter-output>
        </test-method> <!-- getDriver -->
        <test-method signature="automationexercise()[pri:0, instance:Test.TestCase2@229c6181]" started-at="2023-08-10T09:32:42 BDT" name="automationexercise" finished-at="2023-08-10T09:32:42 BDT" duration-ms="4" status="PASS">
          <reporter-output>
          </reporter-output>
        </test-method> <!-- automationexercise -->
        <test-method signature="scenario_2()[pri:0, instance:Test.TestCase2@229c6181]" started-at="2023-08-10T09:32:42 BDT" name="scenario_2" finished-at="2023-08-10T09:32:55 BDT" duration-ms="12426" status="PASS">
          <reporter-output>
          </reporter-output>
        </test-method> <!-- scenario_2 -->
        <test-method is-config="true" signature="reportTeardown()[pri:0, instance:Test.TestCase2@229c6181]" started-at="2023-08-10T09:32:55 BDT" name="reportTeardown" finished-at="2023-08-10T09:32:55 BDT" duration-ms="233" status="PASS">
          <reporter-output>
          </reporter-output>
        </test-method> <!-- reportTeardown -->
      </class> <!-- Test.TestCase2 -->
    </test> <!-- Default test -->
  </suite> <!-- Default suite -->
</testng-results>
